c:\users\bombshell\documents\visual studio 2015\projects\wireframetds\wireframetds\debug\vc140.pdb
c:\users\bombshell\documents\visual studio 2015\projects\wireframetds\wireframetds\debug\vc140.idb
c:\users\bombshell\documents\visual studio 2015\projects\wireframetds\wireframetds\debug\context.obj
c:\users\bombshell\documents\visual studio 2015\projects\wireframetds\wireframetds\debug\error.obj
c:\users\bombshell\documents\visual studio 2015\projects\wireframetds\wireframetds\debug\main.obj
c:\users\bombshell\documents\visual studio 2015\projects\wireframetds\wireframetds\debug\utils.obj
c:\users\bombshell\documents\visual studio 2015\projects\wireframetds\wireframetds\debug\render_helper.obj
c:\users\bombshell\documents\visual studio 2015\projects\wireframetds\wireframetds\debug\window_helper.obj
c:\users\bombshell\documents\visual studio 2015\projects\wireframetds\wireframetds\debug\game.obj
c:\users\bombshell\documents\visual studio 2015\projects\wireframetds\wireframetds\debug\window.obj
c:\users\bombshell\documents\visual studio 2015\projects\wireframetds\wireframetds\debug\collisions.obj
c:\users\bombshell\documents\visual studio 2015\projects\wireframetds\wireframetds\debug\transform.obj
c:\users\bombshell\documents\visual studio 2015\projects\wireframetds\debug\wireframetds.ilk
c:\users\bombshell\documents\visual studio 2015\projects\wireframetds\debug\wireframetds.exe
c:\users\bombshell\documents\visual studio 2015\projects\wireframetds\debug\wireframetds.pdb
c:\users\bombshell\documents\visual studio 2015\projects\wireframetds\wireframetds\debug\wireframetds.tlog\cl.command.1.tlog
c:\users\bombshell\documents\visual studio 2015\projects\wireframetds\wireframetds\debug\wireframetds.tlog\cl.read.1.tlog
c:\users\bombshell\documents\visual studio 2015\projects\wireframetds\wireframetds\debug\wireframetds.tlog\cl.write.1.tlog
c:\users\bombshell\documents\visual studio 2015\projects\wireframetds\wireframetds\debug\wireframetds.tlog\link.command.1.tlog
c:\users\bombshell\documents\visual studio 2015\projects\wireframetds\wireframetds\debug\wireframetds.tlog\link.read.1.tlog
c:\users\bombshell\documents\visual studio 2015\projects\wireframetds\wireframetds\debug\wireframetds.tlog\link.write.1.tlog
