  actor.cpp
  audio.cpp
audio.cpp(26): warning C4800: 'ALboolean': forcing value to bool 'true' or 'false' (performance warning)
audio.cpp(46): warning C4800: 'ALboolean': forcing value to bool 'true' or 'false' (performance warning)
  collision_2d.cpp
  game.cpp
  gl_objects.cpp
gl_objects.cpp(1304): warning C4018: '<': signed/unsigned mismatch
  helpers.cpp
  iactor_component.cpp
  input.cpp
input.cpp(132): warning C4244: '=': conversion from 'int' to 'float', possible loss of data
input.cpp(133): warning C4244: '=': conversion from 'int' to 'float', possible loss of data
  line_renderer.cpp
  physics_component.cpp
  scene.cpp
  shapes_2d.cpp
  spatial_hash_map.cpp
  sprite_renderer.cpp
  text_data_file.cpp
  transform.cpp
     Creating library C:\Users\Bombshell\Documents\GitHub\Atlas\Release\Pantheon.lib and object C:\Users\Bombshell\Documents\GitHub\Atlas\Release\Pantheon.exp
  Generating code
  All 5418 functions were compiled because no usable IPDB/IOBJ from previous compilation was found.
  Finished generating code
  Pantheon.vcxproj -> C:\Users\Bombshell\Documents\GitHub\Atlas\Release\Pantheon.dll
