c:\users\bombshell\documents\github\atlas\pantheon\release\vc140.pdb
c:\users\bombshell\documents\github\atlas\pantheon\release\transform.obj
c:\users\bombshell\documents\github\atlas\pantheon\release\text_data_file.obj
c:\users\bombshell\documents\github\atlas\pantheon\release\sprite_renderer.obj
c:\users\bombshell\documents\github\atlas\pantheon\release\spatial_hash_map.obj
c:\users\bombshell\documents\github\atlas\pantheon\release\shapes_2d.obj
c:\users\bombshell\documents\github\atlas\pantheon\release\scene.obj
c:\users\bombshell\documents\github\atlas\pantheon\release\physics_component.obj
c:\users\bombshell\documents\github\atlas\pantheon\release\line_renderer.obj
c:\users\bombshell\documents\github\atlas\pantheon\release\input.obj
c:\users\bombshell\documents\github\atlas\pantheon\release\iactor_component.obj
c:\users\bombshell\documents\github\atlas\pantheon\release\helpers.obj
c:\users\bombshell\documents\github\atlas\pantheon\release\gl_objects.obj
c:\users\bombshell\documents\github\atlas\pantheon\release\game.obj
c:\users\bombshell\documents\github\atlas\pantheon\release\collision_2d.obj
c:\users\bombshell\documents\github\atlas\pantheon\release\audio.obj
c:\users\bombshell\documents\github\atlas\pantheon\release\actor.obj
c:\users\bombshell\documents\github\atlas\release\pantheon.dll
c:\users\bombshell\documents\github\atlas\release\pantheon.ipdb
c:\users\bombshell\documents\github\atlas\release\pantheon.iobj
c:\users\bombshell\documents\github\atlas\release\pantheon.pdb
c:\users\bombshell\documents\github\atlas\release\pantheon.lib
c:\users\bombshell\documents\github\atlas\release\pantheon.exp
c:\users\bombshell\documents\github\atlas\pantheon\release\pantheon.tlog\cl.command.1.tlog
c:\users\bombshell\documents\github\atlas\pantheon\release\pantheon.tlog\cl.read.1.tlog
c:\users\bombshell\documents\github\atlas\pantheon\release\pantheon.tlog\cl.write.1.tlog
c:\users\bombshell\documents\github\atlas\pantheon\release\pantheon.tlog\link.command.1.tlog
c:\users\bombshell\documents\github\atlas\pantheon\release\pantheon.tlog\link.read.1.tlog
c:\users\bombshell\documents\github\atlas\pantheon\release\pantheon.tlog\link.write.1.tlog
c:\users\bombshell\documents\github\atlas\pantheon\release\pantheon.tlog\pantheon.write.1u.tlog
