c:\users\bombshell\documents\github\atlas\atlas\debug\vc140.pdb
c:\users\bombshell\documents\github\atlas\atlas\debug\vc140.idb
c:\users\bombshell\documents\github\atlas\atlas\debug\bullet.obj
c:\users\bombshell\documents\github\atlas\atlas\debug\default_level.obj
c:\users\bombshell\documents\github\atlas\atlas\debug\main.obj
c:\users\bombshell\documents\github\atlas\atlas\debug\player.obj
c:\users\bombshell\documents\github\atlas\atlas\debug\explode_component.obj
c:\users\bombshell\documents\github\atlas\debug\atlas.pdb
c:\users\bombshell\documents\github\atlas\atlas\debug\atlas.tlog\cl.command.1.tlog
c:\users\bombshell\documents\github\atlas\atlas\debug\atlas.tlog\cl.read.1.tlog
c:\users\bombshell\documents\github\atlas\atlas\debug\atlas.tlog\cl.write.1.tlog
c:\users\bombshell\documents\github\atlas\atlas\debug\atlas.tlog\link-cvtres.read.1.tlog
c:\users\bombshell\documents\github\atlas\atlas\debug\atlas.tlog\link-cvtres.write.1.tlog
c:\users\bombshell\documents\github\atlas\atlas\debug\atlas.tlog\link-rc.read.1.tlog
c:\users\bombshell\documents\github\atlas\atlas\debug\atlas.tlog\link-rc.write.1.tlog
c:\users\bombshell\documents\github\atlas\atlas\debug\atlas.tlog\link.7236-cvtres.read.1.tlog
c:\users\bombshell\documents\github\atlas\atlas\debug\atlas.tlog\link.7236-cvtres.write.1.tlog
c:\users\bombshell\documents\github\atlas\atlas\debug\atlas.tlog\link.7236-rc.read.1.tlog
c:\users\bombshell\documents\github\atlas\atlas\debug\atlas.tlog\link.7236-rc.write.1.tlog
c:\users\bombshell\documents\github\atlas\atlas\debug\atlas.tlog\link.7236.read.1.tlog
c:\users\bombshell\documents\github\atlas\atlas\debug\atlas.tlog\link.7236.write.1.tlog
c:\users\bombshell\documents\github\atlas\atlas\debug\atlas.tlog\link.command.1.tlog
c:\users\bombshell\documents\github\atlas\atlas\debug\atlas.tlog\link.read.1.tlog
c:\users\bombshell\documents\github\atlas\atlas\debug\atlas.tlog\link.write.1.tlog
