d:\git\atlas\pantheon\debug\vc140.pdb
d:\git\atlas\pantheon\debug\vc140.idb
d:\git\atlas\pantheon\debug\actor.obj
d:\git\atlas\pantheon\debug\audio.obj
d:\git\atlas\pantheon\debug\collision_2d.obj
d:\git\atlas\pantheon\debug\game.obj
d:\git\atlas\pantheon\debug\gl_helpers.obj
d:\git\atlas\pantheon\debug\gl_objects.obj
d:\git\atlas\pantheon\debug\helpers.obj
d:\git\atlas\pantheon\debug\iactor_component.obj
d:\git\atlas\pantheon\debug\input.obj
d:\git\atlas\pantheon\debug\line_renderer.obj
d:\git\atlas\pantheon\debug\physics_component.obj
d:\git\atlas\pantheon\debug\scene.obj
d:\git\atlas\pantheon\debug\shapes_2d.obj
d:\git\atlas\pantheon\debug\spatial_hash_map.obj
d:\git\atlas\pantheon\debug\sprite_renderer.obj
d:\git\atlas\pantheon\debug\text_data_file.obj
d:\git\atlas\pantheon\debug\transform.obj
d:\git\atlas\debug\pantheon.ilk
d:\git\atlas\debug\pantheon.dll
d:\git\atlas\debug\pantheon.pdb
d:\git\atlas\debug\pantheon.lib
d:\git\atlas\debug\pantheon.exp
d:\git\atlas\pantheon\debug\pantheon.tlog\cl.command.1.tlog
d:\git\atlas\pantheon\debug\pantheon.tlog\cl.read.1.tlog
d:\git\atlas\pantheon\debug\pantheon.tlog\cl.write.1.tlog
d:\git\atlas\pantheon\debug\pantheon.tlog\link.command.1.tlog
d:\git\atlas\pantheon\debug\pantheon.tlog\link.read.1.tlog
d:\git\atlas\pantheon\debug\pantheon.tlog\link.write.1.tlog
d:\git\atlas\pantheon\debug\pantheon.tlog\pantheon.write.1u.tlog
